<?xml version="1.0" encoding="UTF-8"?>
<testsuite xmlns:xsi="http://www.w3.org/2001/XMLSchema-instance" xsi:noNamespaceSchemaLocation="https://maven.apache.org/surefire/maven-surefire-plugin/xsd/surefire-test-report.xsd" name="com.salaboy.conferences.agenda.rest.controller.AgendaControllerIntegrationTest" time="6.165" tests="6" errors="0" skipped="0" failures="0">
  <properties>
[...]
</properties>
  <testcase name="clearAgendaItems_shouldBeClearAllAgendaItems" classname="com.salaboy.conferences.agenda.rest.controller.AgendaControllerIntegrationTest" time="0.714"/>
  <testcase name="newAgendaItem_shouldThrowsErrorIfTitleContainsFail" classname="com.salaboy.conferences.agenda.rest.controller.AgendaControllerIntegrationTest" time="0.088"/>
  <testcase name="newAgendaItem_shouldBeCreateANewAgendaItem" classname="com.salaboy.conferences.agenda.rest.controller.AgendaControllerIntegrationTest" time="0.271"/>
  <testcase name="getAll_ShouldReturnsAll" classname="com.salaboy.conferences.agenda.rest.controller.AgendaControllerIntegrationTest" time="0.159"/>
  <testcase name="getAllByDay" classname="com.salaboy.conferences.agenda.rest.controller.AgendaControllerIntegrationTest" time="0.159"/>
  <testcase name="getById_ShouldReturnsTheAgendaItemById" classname="com.salaboy.conferences.agenda.rest.controller.AgendaControllerIntegrationTest" time="0.135"/>
</testsuite>